TN:
SF:src\index.ts
FNF:0
FNH:0
DA:1,0
DA:2,0
DA:4,0
DA:5,0
DA:6,0
DA:7,0
DA:9,0
DA:10,0
DA:11,0
DA:12,0
DA:13,0
DA:14,0
DA:18,0
DA:19,0
DA:20,0
DA:22,0
DA:23,0
DA:24,0
DA:26,0
DA:27,0
DA:28,0
DA:29,0
DA:30,0
DA:31,0
DA:34,0
DA:35,0
DA:37,0
DA:38,0
DA:39,0
DA:41,0
DA:42,0
DA:43,0
LF:32
LH:0
BRF:0
BRH:0
end_of_record
TN:
SF:src\classes\common\data-node.ts
FN:5,(anonymous_0)
FN:6,(anonymous_1)
FN:8,(anonymous_2)
FN:14,(anonymous_3)
FNF:4
FNH:2
FNDA:7,(anonymous_0)
FNDA:0,(anonymous_1)
FNDA:20,(anonymous_2)
FNDA:0,(anonymous_3)
DA:1,2
DA:2,20
DA:5,7
DA:6,0
DA:8,20
DA:11,2
DA:12,0
DA:14,0
LF:8
LH:5
BRF:0
BRH:0
end_of_record
TN:
SF:src\classes\data-structures\queue.ts
FN:8,(anonymous_0)
FN:9,(anonymous_1)
FN:11,(anonymous_2)
FN:13,(anonymous_3)
FN:27,(anonymous_4)
FN:40,(anonymous_5)
FNF:6
FNH:6
FNDA:16,(anonymous_0)
FNDA:12,(anonymous_1)
FNDA:6,(anonymous_2)
FNDA:10,(anonymous_3)
FNDA:3,(anonymous_4)
FNDA:3,(anonymous_5)
DA:1,1
DA:3,1
DA:4,6
DA:5,6
DA:6,6
DA:8,16
DA:9,12
DA:14,10
DA:16,10
DA:17,4
DA:18,4
DA:20,6
DA:21,6
DA:24,10
DA:28,3
DA:30,2
DA:31,2
DA:33,2
DA:35,2
DA:37,2
DA:41,3
DA:43,2
LF:22
LH:22
BRDA:16,0,0,4
BRDA:16,0,1,6
BRDA:28,1,0,1
BRDA:33,2,0,1
BRDA:41,3,0,1
BRF:5
BRH:5
end_of_record
TN:
SF:src\classes\data-structures\stack.ts
FN:7,(anonymous_0)
FN:8,(anonymous_1)
FN:10,(anonymous_2)
FN:12,(anonymous_3)
FN:21,(anonymous_4)
FN:32,(anonymous_5)
FNF:6
FNH:6
FNDA:16,(anonymous_0)
FNDA:12,(anonymous_1)
FNDA:6,(anonymous_2)
FNDA:10,(anonymous_3)
FNDA:3,(anonymous_4)
FNDA:2,(anonymous_5)
DA:1,1
DA:3,1
DA:4,6
DA:5,6
DA:7,16
DA:8,12
DA:13,10
DA:15,10
DA:16,10
DA:18,10
DA:22,3
DA:24,2
DA:25,2
DA:27,2
DA:29,2
DA:33,2
DA:35,1
LF:17
LH:17
BRDA:22,0,0,1
BRDA:33,1,0,1
BRF:2
BRH:2
end_of_record
